<?xml version="1.0" encoding="UTF-8"?>
<!-- Generated by org.testng.reporters.JUnitReportReporter -->
<testsuite hostname="Murats-Air.home" failures="0" tests="2" name="pageObjectsTests.LoginTests" time="13.614" errors="0" timestamp="12 Nov 2020 04:45:23 GMT" skipped="1">
  <testcase classname="pageObjectsTests.LoginTests" name="loginTest_CorrectCredentials_SuccessfullyLogin" time="13.614"/>
  <testcase classname="pageObjectsTests.LoginTests" name="loginTest_WrongCredentials_RedFrame">
    <skipped/>
  </testcase> <!-- loginTest_WrongCredentials_RedFrame -->
</testsuite> <!-- pageObjectsTests.LoginTests -->
